#
# There is insufficient memory for the Java Runtime Environment to continue.
# Native memory allocation (mmap) failed to map 132120576 bytes for G1 virtual space
# Possible reasons:
#   The system is out of physical RAM or swap space
#   The process is running with CompressedOops enabled, and the Java Heap may be blocking the growth of the native heap
# Possible solutions:
#   Reduce memory load on the system
#   Increase physical memory or swap space
#   Check if swap backing store is full
#   Decrease Java heap size (-Xmx/-Xms)
#   Decrease number of Java threads
#   Decrease Java thread stack sizes (-Xss)
#   Set larger code cache with -XX:ReservedCodeCacheSize=
#   JVM is running with Unscaled Compressed Oops mode in which the Java heap is
#     placed in the first 4GB address space. The Java Heap base address is the
#     maximum limit for the native heap growth. Please use -XX:HeapBaseMinAddress
#     to set the Java Heap base and to place the Java Heap above 4GB virtual address.
# This output file may be truncated or incomplete.
#
#  Out of Memory Error (./open/src/hotspot/os/windows/os_windows.cpp:3321), pid=3744, tid=5940
#
# JRE version:  (15.0.2+7) (build )
# Java VM: OpenJDK 64-Bit Server VM (15.0.2+7-27, mixed mode, sharing, tiered, compressed oops, g1 gc, windows-amd64)
# No core dump will be written. Minidumps are not enabled by default on client versions of Windows
#

---------------  S U M M A R Y ------------

Command Line: -ea -Dfile.encoding=UTF-8 -XX:+ShowCodeDetailsInExceptionMessages org.eclipse.jdt.internal.junit.runner.RemoteTestRunner -version 3 -port 65288 -testLoaderClass org.eclipse.jdt.internal.junit5.runner.JUnit5TestLoader -loaderpluginname org.eclipse.jdt.junit5.runtime -test com.shopme.diachi.DiachiTests:testAddoneDiachi

Host: Intel(R) Core(TM) i3-2348M CPU @ 2.30GHz, 4 cores, 7G,  Windows 10 , 64 bit Build 19041 (10.0.19041.928)
Time: Wed May 26 15:16:32 2021 SE Asia Standard Time elapsed time: 0.065248 seconds (0d 0h 0m 0s)

---------------  T H R E A D  ---------------

Current thread (0x000001dc271a22c0):  JavaThread "Unknown thread" [_thread_in_vm, id=5940, stack(0x0000006195900000,0x0000006195a00000)]

Stack: [0x0000006195900000,0x0000006195a00000]
Native frames: (J=compiled Java code, j=interpreted, Vv=VM code, C=native code)
V  [jvm.dll+0x62ae9a]
V  [jvm.dll+0x7817a9]
V  [jvm.dll+0x782f03]
V  [jvm.dll+0x783563]
V  [jvm.dll+0x216325]
V  [jvm.dll+0x6281d9]
V  [jvm.dll+0x61cf55]
V  [jvm.dll+0x2cffdd]
V  [jvm.dll+0x2cfe42]
V  [jvm.dll+0x2d5e1c]
V  [jvm.dll+0x32590a]
V  [jvm.dll+0x324fd4]
V  [jvm.dll+0x2a6f5a]
V  [jvm.dll+0x2a80f8]
V  [jvm.dll+0x75e241]
V  [jvm.dll+0x3341c4]
V  [jvm.dll+0x73e926]
V  [jvm.dll+0x3b7557]
V  [jvm.dll+0x3b8fe1]
C  [jli.dll+0x52fb]
C  [ucrtbase.dll+0x21bb2]
C  [KERNEL32.DLL+0x17034]
C  [ntdll.dll+0x52651]


---------------  P R O C E S S  ---------------

Threads class SMR info:
_java_thread_list=0x00007ffff12d4ff0, length=0, elements={
}

Java Threads: ( => current thread )

Other Threads:
  0x000001dc271e4040 GCTaskThread "GC Thread#0" [stack: 0x0000006195a00000,0x0000006195b00000] [id=11476]
  0x000001dc271f4de0 ConcurrentGCThread "G1 Main Marker" [stack: 0x0000006195b00000,0x0000006195c00000] [id=10016]
  0x000001dc271f6100 ConcurrentGCThread "G1 Conc#0" [stack: 0x0000006195c00000,0x0000006195d00000] [id=8816]

[error occurred during error reporting (printing all threads), id 0xc0000005, EXCEPTION_ACCESS_VIOLATION (0xc0000005) at pc=0x00007ffff0ac7e27]

VM state: not at safepoint (not fully initialized)

VM Mutex/Monitor currently owned by a thread:  ([mutex/lock_event])
[0x000001dc2719e5d0] Heap_lock - owner thread: 0x000001dc271a22c0

Heap address: 0x0000000082200000, size: 2014 MB, Compressed Oops mode: 32-bit
CDS archive(s) mapped at: [0x0000000000000000-0x0000000000000000-0x0000000000000000), size 0, SharedBaseAddress: 0x0000000800000000, ArchiveRelocationMode: 0.
Narrow klass base: 0x0000000000000000, Narrow klass shift: 0, Narrow klass range: 0x0

Heap:
 garbage-first heap   total 129024K, used 0K [0x0000000082200000, 0x0000000100000000)
  region size 1024K, 0 young (0K), 0 survivors (0K)
 Metaspace       used 0K, capacity 0K, committed 0K, reserved 0K
  class space    used 0K, capacity 0K, committed 0K, reserved 0K

Heap Regions: E=young(eden), S=young(survivor), O=old, HS=humongous(starts), HC=humongous(continues), CS=collection set, F=free, OA=open archive, CA=closed archive, TAMS=top-at-mark-start (previous, next)

Card table byte_map: [0x000001dc39fa0000,0x000001dc3a390000] _byte_map_base: 0x000001dc39b8f000

Marking Bits (Prev, Next): (CMBitMap*) 0x000001dc271e47c0, (CMBitMap*) 0x000001dc271e4800
 Prev Bits: [0x000001dc3a780000, 0x000001dc3c6f8000)
 Next Bits: [0x000001dc3c700000, 0x000001dc3e678000)

GC Heap History (0 events):
No events

Deoptimization events (0 events):
No events

Classes unloaded (0 events):
No events

Classes redefined (0 events):
No events

Internal exceptions (0 events):
No events

Events (1 events):
Event: 0.016 Loaded shared library C:\Users\Tuan Mr\Desktop\sts-4.10.0.RELEASE\plugins\org.eclipse.justj.openjdk.hotspot.jre.full.win32.x86_64_15.0.2.v20210201-0955\jre\bin\java.dll


Dynamic libraries:
0x00007ff634130000 - 0x00007ff63413d000 	C:\Users\Tuan Mr\Desktop\sts-4.10.0.RELEASE\plugins\org.eclipse.justj.openjdk.hotspot.jre.full.win32.x86_64_15.0.2.v20210201-0955\jre\bin\javaw.exe
0x00007ff80d870000 - 0x00007ff80da65000 	C:\WINDOWS\SYSTEM32\ntdll.dll
0x00007ff80bf40000 - 0x00007ff80bffd000 	C:\WINDOWS\System32\KERNEL32.DLL
0x00007ff80afb0000 - 0x00007ff80b278000 	C:\WINDOWS\System32\KERNELBASE.dll
0x00007ff80b610000 - 0x00007ff80b710000 	C:\WINDOWS\System32\ucrtbase.dll
0x00007ff805050000 - 0x00007ff805069000 	C:\Users\Tuan Mr\Desktop\sts-4.10.0.RELEASE\plugins\org.eclipse.justj.openjdk.hotspot.jre.full.win32.x86_64_15.0.2.v20210201-0955\jre\bin\VCRUNTIME140.dll
0x00007ff806a40000 - 0x00007ff806a58000 	C:\Users\Tuan Mr\Desktop\sts-4.10.0.RELEASE\plugins\org.eclipse.justj.openjdk.hotspot.jre.full.win32.x86_64_15.0.2.v20210201-0955\jre\bin\jli.dll
0x00007fffff360000 - 0x00007fffff5fa000 	C:\WINDOWS\WinSxS\amd64_microsoft.windows.common-controls_6595b64144ccf1df_6.0.19041.844_none_ca00b6081b84eb1d\COMCTL32.dll
0x00007ff80d790000 - 0x00007ff80d82e000 	C:\WINDOWS\System32\msvcrt.dll
0x00007ff80bb40000 - 0x00007ff80bce0000 	C:\WINDOWS\System32\USER32.dll
0x00007ff80cb90000 - 0x00007ff80cbba000 	C:\WINDOWS\System32\GDI32.dll
0x00007ff80b5e0000 - 0x00007ff80b602000 	C:\WINDOWS\System32\win32u.dll
0x00007ff80b7c0000 - 0x00007ff80b8cb000 	C:\WINDOWS\System32\gdi32full.dll
0x00007ff80b540000 - 0x00007ff80b5dd000 	C:\WINDOWS\System32\msvcp_win.dll
0x00007ff80c780000 - 0x00007ff80c7b0000 	C:\WINDOWS\System32\IMM32.DLL
0x00007ff806ae0000 - 0x00007ff806aec000 	C:\Users\Tuan Mr\Desktop\sts-4.10.0.RELEASE\plugins\org.eclipse.justj.openjdk.hotspot.jre.full.win32.x86_64_15.0.2.v20210201-0955\jre\bin\vcruntime140_1.dll
0x00007ffff5280000 - 0x00007ffff5311000 	C:\Users\Tuan Mr\Desktop\sts-4.10.0.RELEASE\plugins\org.eclipse.justj.openjdk.hotspot.jre.full.win32.x86_64_15.0.2.v20210201-0955\jre\bin\msvcp140.dll
0x00007ffff0810000 - 0x00007ffff136e000 	C:\Users\Tuan Mr\Desktop\sts-4.10.0.RELEASE\plugins\org.eclipse.justj.openjdk.hotspot.jre.full.win32.x86_64_15.0.2.v20210201-0955\jre\bin\server\jvm.dll
0x00007ff80ba10000 - 0x00007ff80babc000 	C:\WINDOWS\System32\ADVAPI32.dll
0x00007ff80caf0000 - 0x00007ff80cb8b000 	C:\WINDOWS\System32\sechost.dll
0x00007ff80c7b0000 - 0x00007ff80c8db000 	C:\WINDOWS\System32\RPCRT4.dll
0x00007ff80b9a0000 - 0x00007ff80b9a8000 	C:\WINDOWS\System32\PSAPI.DLL
0x00007ffffb9f0000 - 0x00007ffffb9f9000 	C:\WINDOWS\SYSTEM32\WSOCK32.dll
0x00007ff80c9d0000 - 0x00007ff80ca3b000 	C:\WINDOWS\System32\WS2_32.dll
0x00007ff800320000 - 0x00007ff800347000 	C:\WINDOWS\SYSTEM32\WINMM.dll
0x00007ff802210000 - 0x00007ff80221a000 	C:\WINDOWS\SYSTEM32\VERSION.dll
0x00007ff808f00000 - 0x00007ff808f12000 	C:\WINDOWS\SYSTEM32\kernel.appcore.dll
0x00007ffffb9e0000 - 0x00007ffffb9ea000 	C:\Users\Tuan Mr\Desktop\sts-4.10.0.RELEASE\plugins\org.eclipse.justj.openjdk.hotspot.jre.full.win32.x86_64_15.0.2.v20210201-0955\jre\bin\jimage.dll
0x00007ffff96c0000 - 0x00007ffff98a4000 	C:\WINDOWS\SYSTEM32\DBGHELP.DLL
0x00007ffff9580000 - 0x00007ffff95ac000 	C:\WINDOWS\SYSTEM32\dbgcore.DLL
0x00007ff80b470000 - 0x00007ff80b4f0000 	C:\WINDOWS\System32\bcryptPrimitives.dll
0x00007ffff6f80000 - 0x00007ffff6fa5000 	C:\Users\Tuan Mr\Desktop\sts-4.10.0.RELEASE\plugins\org.eclipse.justj.openjdk.hotspot.jre.full.win32.x86_64_15.0.2.v20210201-0955\jre\bin\java.dll

dbghelp: loaded successfully - version: 4.0.5 - missing functions: none
symbol engine: initialized successfully - sym options: 0x614 - pdb path: .;C:\Users\Tuan Mr\Desktop\sts-4.10.0.RELEASE\plugins\org.eclipse.justj.openjdk.hotspot.jre.full.win32.x86_64_15.0.2.v20210201-0955\jre\bin;C:\WINDOWS\SYSTEM32;C:\WINDOWS\WinSxS\amd64_microsoft.windows.common-controls_6595b64144ccf1df_6.0.19041.844_none_ca00b6081b84eb1d;C:\Users\Tuan Mr\Desktop\sts-4.10.0.RELEASE\plugins\org.eclipse.justj.openjdk.hotspot.jre.full.win32.x86_64_15.0.2.v20210201-0955\jre\bin\server

VM Arguments:
jvm_args: -ea -Dfile.encoding=UTF-8 -XX:+ShowCodeDetailsInExceptionMessages 
java_command: org.eclipse.jdt.internal.junit.runner.RemoteTestRunner -version 3 -port 65288 -testLoaderClass org.eclipse.jdt.internal.junit5.runner.JUnit5TestLoader -loaderpluginname org.eclipse.jdt.junit5.runtime -test com.shopme.diachi.DiachiTests:testAddoneDiachi
java_class_path (initial): G:\Nam\UniversityDocument\DATN\ShopmeWeb-customer\ShopmeProject\ShopmeWebParent\ShopmeFrontEnd\target\test-classes;G:\Nam\UniversityDocument\DATN\ShopmeWeb-customer\ShopmeProject\ShopmeWebParent\ShopmeFrontEnd\target\classes;G:\m2\org\springframework\boot\spring-boot-devtools\2.4.3\spring-boot-devtools-2.4.3.jar;G:\m2\org\springframework\boot\spring-boot\2.4.3\spring-boot-2.4.3.jar;G:\m2\org\springframework\spring-context\5.3.4\spring-context-5.3.4.jar;G:\m2\org\springframework\boot\spring-boot-autoconfigure\2.4.3\spring-boot-autoconfigure-2.4.3.jar;G:\m2\org\springframework\boot\spring-boot-starter-oauth2-client\2.4.3\spring-boot-starter-oauth2-client-2.4.3.jar;G:\m2\org\springframework\boot\spring-boot-starter\2.4.3\spring-boot-starter-2.4.3.jar;G:\m2\org\springframework\boot\spring-boot-starter-logging\2.4.3\spring-boot-starter-logging-2.4.3.jar;G:\m2\ch\qos\logback\logback-classic\1.2.3\logback-classic-1.2.3.jar;G:\m2\ch\qos\logback\logback-core\1.2.3\logback-core-1.2.3.jar;G:\m2\org\apache\logging\log4j\log4j-to-slf4j\2.13.3\log4j-to-slf4j-2.13.3.jar;G:\m2\org\apache\logging\log4j\log4j-api\2.13.3\log4j-api-2.13.3.jar;G:\m2\org\slf4j\jul-to-slf4j\1.7.30\jul-to-slf4j-1.7.30.jar;G:\m2\jakarta\annotation\jakarta.annotation-api\1.3.5\jakarta.annotation-api-1.3.5.jar;G:\m2\org\yaml\snakeyaml\1.27\snakeyaml-1.27.jar;G:\m2\com\sun\mail\jakarta.mail\1.6.5\jakarta.mail-1.6.5.jar;G:\m2\com\sun\activation\jakarta.activation\1.2.2\jakarta.activation-1.2.2.jar;G:\m2\org\springframework\security\spring-security-config\5.4.5\spring-security-config-5.4.5.jar;G:\m2\org\springframework\spring-beans\5.3.4\spring-beans-5.3.4.jar;G:\m2\org\springframework\security\spring-security-core\5.4.5\spring-security-core-5.4.5.jar;G:\m2\org\springframework\spring-expression\5.3.4\spring-expression-5.3.4.jar;G:\m2\org\springframework\security\spring-security-oauth2-client\5.4.5\spring-security-oauth2-client-5.4.5.jar;G:\m2\com\nimbusds\oauth2-oidc-sdk\8.36\oauth2-
Launcher Type: SUN_STANDARD

[Global flags]
     intx CICompilerCount                          = 3                                         {product} {ergonomic}
     uint ConcGCThreads                            = 1                                         {product} {ergonomic}
     uint G1ConcRefinementThreads                  = 4                                         {product} {ergonomic}
   size_t G1HeapRegionSize                         = 1048576                                   {product} {ergonomic}
    uintx GCDrainStackTargetSize                   = 64                                        {product} {ergonomic}
   size_t InitialHeapSize                          = 132120576                                 {product} {ergonomic}
   size_t MarkStackSize                            = 4194304                                   {product} {ergonomic}
   size_t MaxHeapSize                              = 2111832064                                {product} {ergonomic}
   size_t MinHeapDeltaBytes                        = 1048576                                   {product} {ergonomic}
   size_t MinHeapSize                              = 8388608                                   {product} {ergonomic}
    uintx NonNMethodCodeHeapSize                   = 5832780                                {pd product} {ergonomic}
    uintx NonProfiledCodeHeapSize                  = 122912730                              {pd product} {ergonomic}
    uintx ProfiledCodeHeapSize                     = 122912730                              {pd product} {ergonomic}
    uintx ReservedCodeCacheSize                    = 251658240                              {pd product} {ergonomic}
     bool SegmentedCodeCache                       = true                                      {product} {ergonomic}
     bool ShowCodeDetailsInExceptionMessages       = true                                   {manageable} {command line}
   size_t SoftMaxHeapSize                          = 2111832064                             {manageable} {ergonomic}
     bool UseCompressedClassPointers               = true                                 {lp64_product} {ergonomic}
     bool UseCompressedOops                        = true                                 {lp64_product} {ergonomic}
     bool UseG1GC                                  = true                                      {product} {ergonomic}
     bool UseLargePagesIndividualAllocation        = false                                  {pd product} {ergonomic}

Logging:
Log output configuration:
 #0: stdout all=warning uptime,level,tags
 #1: stderr all=off uptime,level,tags

Environment Variables:
JAVA_HOME=C:\Program Files\Java\jdk1.8.0_231
CLASSPATH= C:\Program Files\Apache Software Foundation\Tomcat 9.0\common\lib\servlet-api.jar; C:\Program Files\Apache Software Foundation\Tomcat 9.0\common\lib\servlet-api.jar; C:\Program Files\Apache Software Foundation\Tomcat 9.0\common\lib\servlet-api.jar;%CLASSPATH%   
PATH=C:/Users/Tuan Mr/Desktop/sts-4.10.0.RELEASE//plugins/org.eclipse.justj.openjdk.hotspot.jre.full.win32.x86_64_15.0.2.v20210201-0955/jre/bin/server;C:/Users/Tuan Mr/Desktop/sts-4.10.0.RELEASE//plugins/org.eclipse.justj.openjdk.hotspot.jre.full.win32.x86_64_15.0.2.v20210201-0955/jre/bin;C:\Program Files\Java\jdk1.8.0_231\bin;C:\Program Files\Java\jdk1.8.0_231\bin;C:\Program Files\Java\jdk1.8.0_231\bin;C:\WINDOWS\System32;C:\apache-maven-3.6.0\bin;C:\Program Files\nodejs\;G:\Nam\Genymobile\Genymotion\tools;C:\WINDOWS\system32;C:\WINDOWS;C:\WINDOWS\System32\Wbem;C:\WINDOWS\System32\WindowsPowerShell\v1.0\;C:\WINDOWS\System32\OpenSSH\;C:\apache-maven-3.6.0\bin;C:\Program Files\nodejs\;G:\Nam\Genymobile\Genymotion\tools;C:\WINDOWS\system32;C:\WINDOWS;C:\WINDOWS\System32\Wbem;C:\WINDOWS\System32\WindowsPowerShell\v1.0\;C:\WINDOWS\System32\OpenSSH\;C:\apache-maven-3.6.0\bin;C:\Program Files\nodejs\;G:\Nam\Genymobile\Genymotion\tools;C:\WINDOWS\system32;C:\WINDOWS;C:\WINDOWS\System32\Wbem;C:\WINDOWS\System32\WindowsPowerShell\v1.0\;C:\WINDOWS\System32\OpenSSH\;C:\Users\Tuan Mr\AppData\Local\Microsoft\WindowsApps;C:\Users\Tuan Mr\AppData\Local\Programs\Microsoft VS Code\bin;C:\Windows\System32;C:\Users\Tuan Mr\AppData\Roaming\npm;;C:\Users\Tuan Mr\Desktop\sts-4.10.0.RELEASE;
USERNAME=Tuan Mr
OS=Windows_NT
PROCESSOR_IDENTIFIER=Intel64 Family 6 Model 42 Stepping 7, GenuineIntel



---------------  S Y S T E M  ---------------

OS:
 Windows 10 , 64 bit Build 19041 (10.0.19041.928)
OS uptime: 12 days 17:21 hours

CPU: total 4 (initial active 4) (2 cores per cpu, 2 threads per core) family 6 model 42 stepping 7 microcode 0x2f, cmov, cx8, fxsr, mmx, sse, sse2, sse3, ssse3, sse4.1, sse4.2, popcnt, vzeroupper, avx, clmul, ht, tsc, tscinvbit, clflush

Memory: 4k page, system-wide physical 8055M (1405M free)
TotalPageFile size 16247M (AvailPageFile size 114M)
current process WorkingSet (physical memory assigned to process): 10M, peak: 10M
current process commit charge ("private bytes"): 51M, peak: 177M

vm_info: OpenJDK 64-Bit Server VM (15.0.2+7-27) for windows-amd64 JRE (15.0.2+7-27), built on Dec  7 2020 20:02:38 by "mach5one" with unknown MS VC++:1925

END.
